[I 10:57:09.001 NotebookApp] [nb_conda_kernels] enabled, 6 kernels found
[I 10:57:09.315 NotebookApp] JupyterLab beta preview extension loaded from /home/i008/anaconda3/lib/python3.6/site-packages/jupyterlab
[I 10:57:09.315 NotebookApp] JupyterLab application directory is /home/i008/anaconda3/share/jupyter/lab
[I 10:57:09.392 NotebookApp] [Jupytext Server Extension] Changing NotebookApp.contents_manager_class from LargeFileManager to jupytext.TextFileContentsManager
[I 10:57:09.402 NotebookApp] [nb_conda] enabled
[I 10:57:09.402 NotebookApp] Serving notebooks from local directory: /home/i008/googledrive/dsr-pytorch
[I 10:57:09.402 NotebookApp] The Jupyter Notebook is running at:
[I 10:57:09.402 NotebookApp] http://(i008 or 127.0.0.1):8989/
[I 10:57:09.402 NotebookApp] Use Control-C to stop this server and shut down all kernels (twice to skip confirmation).
[I 10:57:19.346 NotebookApp] 302 GET / (127.0.0.1) 1.89ms
[W 10:57:19.366 NotebookApp] Clearing invalid/expired login cookie username-localhost-8989
[W 10:57:19.368 NotebookApp] Clearing invalid/expired login cookie username-localhost-8989
[I 10:57:19.369 NotebookApp] 302 GET /tree? (127.0.0.1) 4.73ms
[I 10:57:21.941 NotebookApp] 302 POST /login?next=%2Ftree%3F (127.0.0.1) 2.02ms
[W 10:59:26.711 NotebookApp] Notebook 5-pytorch-fmnist.py is not trusted
[W 10:59:26.731 NotebookApp] 404 GET /nbextensions/egal/main.js?v=20190713105709 (127.0.0.1) 7.23ms referer=http://localhost:8989/notebooks/5-pytorch-fmnist.py
[I 10:59:27.255 NotebookApp] Kernel started: 1e2892c2-9c1a-431d-95bd-5eb7f64a8133
[I 10:59:27.718 NotebookApp] Adapting to protocol v5.1 for kernel 1e2892c2-9c1a-431d-95bd-5eb7f64a8133
[W 10:59:44.330 NotebookApp] 404 GET /nbextensions/egal/main.js?v=20190713105709 (127.0.0.1) 1.18ms referer=http://localhost:8989/notebooks/5.1%20pytorch-fmnist-with-ignite.ipynb
[W 10:59:44.536 NotebookApp] 404 GET /nbextensions/widgets/notebook/js/extension.js?v=20190713105709 (127.0.0.1) 1.34ms referer=http://localhost:8989/notebooks/5.1%20pytorch-fmnist-with-ignite.ipynb
[I 10:59:45.025 NotebookApp] Kernel started: 0a5d308c-0852-41f8-8b4c-d986c19a1452
[I 10:59:45.568 NotebookApp] Adapting to protocol v5.1 for kernel 0a5d308c-0852-41f8-8b4c-d986c19a1452
[I 11:01:27.877 NotebookApp] Saving file at /5-pytorch-fmnist.py
[I 11:01:27.878 NotebookApp] Saving 5-pytorch-fmnist.py in format py:light
[I 11:01:42.991 NotebookApp] Saving file at /5.1 pytorch-fmnist-with-ignite.ipynb
[I 11:01:42.992 NotebookApp] Saving 5.1 pytorch-fmnist-with-ignite.ipynb
[I 11:01:43.072 NotebookApp] Saving file at /5.1 pytorch-fmnist-with-ignite.ipynb
[I 11:01:43.072 NotebookApp] Saving 5.1 pytorch-fmnist-with-ignite.ipynb
[W 11:03:58.713 NotebookApp] Notebook embeddings.ipynb is not trusted
[I 11:03:59.128 NotebookApp] Kernel started: 96affc1f-12b4-42ef-94de-ca6c5deb9838
[W 11:03:59.161 NotebookApp] 404 GET /nbextensions/egal/main.js?v=20190713105709 (127.0.0.1) 1.28ms referer=http://localhost:8989/notebooks/embeddings.ipynb
[I 11:03:59.650 NotebookApp] Adapting to protocol v5.1 for kernel 96affc1f-12b4-42ef-94de-ca6c5deb9838
[W 11:04:00.013 NotebookApp] 404 GET /nbextensions/widgets/notebook/js/extension.js?v=20190713105709 (127.0.0.1) 1.33ms referer=http://localhost:8989/notebooks/embeddings.ipynb
[I 11:04:00.565 NotebookApp] Kernel started: 37d6eb43-2305-4354-9c5d-8d68aa1b57be
[I 11:04:00.951 NotebookApp] Adapting to protocol v5.1 for kernel 37d6eb43-2305-4354-9c5d-8d68aa1b57be
[W 11:04:01.094 NotebookApp] 404 GET /nbextensions/egal/main.js?v=20190713105709 (127.0.0.1) 1.36ms referer=http://localhost:8989/notebooks/tabular-embeddings.ipynb
[W 11:04:01.994 NotebookApp] 404 GET /nbextensions/widgets/notebook/js/extension.js?v=20190713105709 (127.0.0.1) 1.43ms referer=http://localhost:8989/notebooks/tabular-embeddings.ipynb
[I 11:04:32.029 NotebookApp] Kernel shutdown: 96affc1f-12b4-42ef-94de-ca6c5deb9838
[W 11:04:40.526 NotebookApp] delete /embeddings.ipynb
[W 11:07:55.716 NotebookApp] 404 GET /nbextensions/egal/main.js?v=20190713105709 (127.0.0.1) 1.67ms referer=http://localhost:8989/notebooks/pytorch-advanced-lr-scheduling.ipynb
[I 11:07:55.872 NotebookApp] Kernel started: ef698a57-c62c-4b73-a216-1d7c75c6b620
[W 11:07:55.908 NotebookApp] 404 GET /nbextensions/widgets/notebook/js/extension.js?v=20190713105709 (127.0.0.1) 1.50ms referer=http://localhost:8989/notebooks/pytorch-advanced-lr-scheduling.ipynb
[I 11:07:56.263 NotebookApp] Adapting to protocol v5.1 for kernel ef698a57-c62c-4b73-a216-1d7c75c6b620
[W 11:08:46.689 NotebookApp] Notebook 5-pytorch-fmnist.py is not trusted
[W 11:08:46.706 NotebookApp] 404 GET /nbextensions/egal/main.js?v=20190713105709 (127.0.0.1) 1.31ms referer=http://localhost:8989/notebooks/5-pytorch-fmnist.py
[I 11:08:47.395 NotebookApp] Adapting to protocol v5.1 for kernel 1e2892c2-9c1a-431d-95bd-5eb7f64a8133
[W 11:08:47.519 NotebookApp] 404 GET /nbextensions/widgets/notebook/js/extension.js?v=20190713105709 (127.0.0.1) 1.18ms referer=http://localhost:8989/notebooks/5-pytorch-fmnist.py
[I 11:09:55.885 NotebookApp] Saving file at /pytorch-advanced-lr-scheduling.ipynb
[I 11:09:55.886 NotebookApp] Saving pytorch-advanced-lr-scheduling.ipynb
[I 11:10:47.865 NotebookApp] Saving file at /5-pytorch-fmnist.py
[I 11:10:47.866 NotebookApp] Saving 5-pytorch-fmnist.py in format py:light
[I 11:11:24.446 NotebookApp] Saving file at /5-pytorch-fmnist.py
[I 11:11:24.446 NotebookApp] Saving 5-pytorch-fmnist.py in format py:light
[I 11:11:25.493 NotebookApp] Starting buffering for 0a5d308c-0852-41f8-8b4c-d986c19a1452:635d910b23b8482b8fdbd4f710db0a9f
[I 11:11:25.838 NotebookApp] Starting buffering for 37d6eb43-2305-4354-9c5d-8d68aa1b57be:d0c3daf7e3c54d918d18aa0e868cf525
[I 11:11:55.885 NotebookApp] Saving file at /pytorch-advanced-lr-scheduling.ipynb
[I 11:11:55.885 NotebookApp] Saving pytorch-advanced-lr-scheduling.ipynb
[I 11:13:12.762 NotebookApp] Kernel interrupted: 1e2892c2-9c1a-431d-95bd-5eb7f64a8133
[I 11:13:27.249 NotebookApp] Saving file at /5-pytorch-fmnist.py
[I 11:13:27.249 NotebookApp] Saving 5-pytorch-fmnist.py in format py:light
[I 11:13:33.261 NotebookApp] Saving file at /5-pytorch-fmnist.py
[I 11:13:33.261 NotebookApp] Saving 5-pytorch-fmnist.py in format py:light
[I 11:13:33.852 NotebookApp] Saving file at /5-pytorch-fmnist.py
[I 11:13:33.852 NotebookApp] Saving 5-pytorch-fmnist.py in format py:light
[I 11:13:33.890 NotebookApp] Saving file at /5-pytorch-fmnist.py
[I 11:13:33.890 NotebookApp] Saving 5-pytorch-fmnist.py in format py:light
[I 11:13:34.446 NotebookApp] Saving file at /5-pytorch-fmnist.py
[I 11:13:34.447 NotebookApp] Saving 5-pytorch-fmnist.py in format py:light
[I 11:13:34.602 NotebookApp] Saving file at /5-pytorch-fmnist.py
[I 11:13:34.602 NotebookApp] Saving 5-pytorch-fmnist.py in format py:light
[I 11:13:34.763 NotebookApp] Saving file at /5-pytorch-fmnist.py
[I 11:13:34.764 NotebookApp] Saving 5-pytorch-fmnist.py in format py:light
[I 11:13:34.860 NotebookApp] Saving file at /5-pytorch-fmnist.py
[I 11:13:34.860 NotebookApp] Saving 5-pytorch-fmnist.py in format py:light
[I 11:13:35.030 NotebookApp] Saving file at /5-pytorch-fmnist.py
[I 11:13:35.030 NotebookApp] Saving 5-pytorch-fmnist.py in format py:light
[I 11:13:43.210 NotebookApp] Saving file at /5-pytorch-fmnist.py
[I 11:13:43.211 NotebookApp] Saving 5-pytorch-fmnist.py in format py:light
[I 11:13:43.328 NotebookApp] Saving file at /5-pytorch-fmnist.py
[I 11:13:43.328 NotebookApp] Saving 5-pytorch-fmnist.py in format py:light
[I 11:13:56.087 NotebookApp] Saving file at /5-pytorch-fmnist.py
[I 11:13:56.087 NotebookApp] Saving 5-pytorch-fmnist.py in format py:light
[I 11:13:56.253 NotebookApp] Saving file at /5-pytorch-fmnist.py
[I 11:13:56.253 NotebookApp] Saving 5-pytorch-fmnist.py in format py:light
[I 11:13:56.442 NotebookApp] Saving file at /5-pytorch-fmnist.py
[I 11:13:56.443 NotebookApp] Saving 5-pytorch-fmnist.py in format py:light
[W 11:24:22.210 NotebookApp] Notebook 5-pytorch-fmnist.py is not trusted
[I 11:24:55.447 NotebookApp] Saving file at /pytorch-advanced-lr-scheduling.ipynb
[I 11:24:55.447 NotebookApp] Saving pytorch-advanced-lr-scheduling.ipynb
[I 11:24:55.568 NotebookApp] Saving file at /pytorch-advanced-lr-scheduling.ipynb
[I 11:24:55.569 NotebookApp] Saving pytorch-advanced-lr-scheduling.ipynb
[I 11:24:55.725 NotebookApp] Saving file at /pytorch-advanced-lr-scheduling.ipynb
[I 11:24:55.725 NotebookApp] Saving pytorch-advanced-lr-scheduling.ipynb
[I 11:24:55.867 NotebookApp] Saving file at /pytorch-advanced-lr-scheduling.ipynb
[I 11:24:55.867 NotebookApp] Saving pytorch-advanced-lr-scheduling.ipynb
[I 11:24:56.000 NotebookApp] Saving file at /pytorch-advanced-lr-scheduling.ipynb
[I 11:24:56.000 NotebookApp] Saving pytorch-advanced-lr-scheduling.ipynb
[I 11:24:56.121 NotebookApp] Saving file at /pytorch-advanced-lr-scheduling.ipynb
[I 11:24:56.122 NotebookApp] Saving pytorch-advanced-lr-scheduling.ipynb
[I 11:45:50.181 NotebookApp] Saving file at /README.MD
[I 11:45:50.330 NotebookApp] Saving file at /README.MD
[I 11:47:01.386 NotebookApp] Saving file at /5-pytorch-fmnist (+LR scheduler).py
[I 11:47:01.386 NotebookApp] Saving 5-pytorch-fmnist (+LR scheduler).py in format py:light
[I 11:47:01.543 NotebookApp] Saving file at /5-pytorch-fmnist (+LR scheduler).py
[I 11:47:01.543 NotebookApp] Saving 5-pytorch-fmnist (+LR scheduler).py in format py:light
[I 11:47:02.506 NotebookApp] Saving file at /5-pytorch-fmnist (+LR scheduler).py
[I 11:47:02.506 NotebookApp] Saving 5-pytorch-fmnist (+LR scheduler).py in format py:light
[I 11:47:02.667 NotebookApp] Saving file at /5-pytorch-fmnist (+LR scheduler).py
[I 11:47:02.667 NotebookApp] Saving 5-pytorch-fmnist (+LR scheduler).py in format py:light
[I 11:47:02.806 NotebookApp] Saving file at /5-pytorch-fmnist (+LR scheduler).py
[I 11:47:02.806 NotebookApp] Saving 5-pytorch-fmnist (+LR scheduler).py in format py:light
[I 11:47:02.993 NotebookApp] Saving file at /5-pytorch-fmnist (+LR scheduler).py
[I 11:47:02.993 NotebookApp] Saving 5-pytorch-fmnist (+LR scheduler).py in format py:light
[I 11:47:05.060 NotebookApp] Saving file at /5-pytorch-fmnist (+LR scheduler).py
[I 11:47:05.060 NotebookApp] Saving 5-pytorch-fmnist (+LR scheduler).py in format py:light
[I 11:47:05.177 NotebookApp] Saving file at /5-pytorch-fmnist (+LR scheduler).py
[I 11:47:05.177 NotebookApp] Saving 5-pytorch-fmnist (+LR scheduler).py in format py:light
[I 11:47:55.869 NotebookApp] Saving file at /pytorch-advanced-lr-scheduling.ipynb
[I 11:47:55.869 NotebookApp] Saving pytorch-advanced-lr-scheduling.ipynb
[I 11:57:18.021 NotebookApp] [nb_conda_kernels] enabled, 4 kernels found
[I 11:57:18.026 NotebookApp] Writing notebook server cookie secret to /home/i008/.local/share/jupyter/runtime/notebook_cookie_secret
[I 11:57:18.290 NotebookApp] [nb_conda] enabled
[I 11:57:18.290 NotebookApp] Serving notebooks from local directory: /home/i008/googledrive/dsr-pytorch
[I 11:57:18.290 NotebookApp] The Jupyter Notebook is running at:
[I 11:57:18.290 NotebookApp] http://(i008 or 127.0.0.1):8990/
[I 11:57:18.290 NotebookApp] Use Control-C to stop this server and shut down all kernels (twice to skip confirmation).
[I 11:57:23.032 NotebookApp] 302 GET / (127.0.0.1) 0.38ms
[I 11:57:23.035 NotebookApp] 302 GET /tree? (127.0.0.1) 0.51ms
[W 11:57:25.063 NotebookApp] Not allowing login redirect to '/tree?'
[I 11:57:25.064 NotebookApp] 302 POST /login?next=%2Ftree%3F (127.0.0.1) 0.91ms
[I 11:57:25.068 NotebookApp] 302 GET / (127.0.0.1) 0.34ms
[I 11:57:35.628 NotebookApp] Creating new notebook in 
[W 11:57:36.222 NotebookApp] 404 GET /nbextensions/egal/main.js?v=20190713115718 (127.0.0.1) 6.57ms referer=http://localhost:8990/notebooks/Untitled1.ipynb?kernel_name=conda-env-dl-py
[I 11:57:36.268 NotebookApp] Kernel started: 3468804b-6411-42d0-a7d3-b6d01bbc04df
[W 11:57:36.401 NotebookApp] 404 GET /nbextensions/widgets/notebook/js/extension.js?v=20190713115718 (127.0.0.1) 1.96ms referer=http://localhost:8990/notebooks/Untitled1.ipynb?kernel_name=conda-env-dl-py
[I 11:57:36.605 NotebookApp] Adapting to protocol v5.1 for kernel 3468804b-6411-42d0-a7d3-b6d01bbc04df
[I 11:59:36.277 NotebookApp] Saving file at /Untitled1.ipynb
[I 12:00:07.075 NotebookApp] Starting buffering for 3468804b-6411-42d0-a7d3-b6d01bbc04df:c210ba860f4c48978cea615219099280
[I 12:00:07.591 NotebookApp] Kernel restarted: 3468804b-6411-42d0-a7d3-b6d01bbc04df
[I 12:00:08.204 NotebookApp] Kernel restarted: 3468804b-6411-42d0-a7d3-b6d01bbc04df
[I 12:00:08.215 NotebookApp] Adapting to protocol v5.1 for kernel 3468804b-6411-42d0-a7d3-b6d01bbc04df
[I 12:00:08.216 NotebookApp] Restoring connection for 3468804b-6411-42d0-a7d3-b6d01bbc04df:c210ba860f4c48978cea615219099280
[I 12:00:08.216 NotebookApp] Replaying 17 buffered messages
[I 12:00:08.534 NotebookApp] Starting buffering for 3468804b-6411-42d0-a7d3-b6d01bbc04df:c210ba860f4c48978cea615219099280
[I 12:00:08.536 NotebookApp] Adapting to protocol v5.1 for kernel 3468804b-6411-42d0-a7d3-b6d01bbc04df
[I 12:00:08.537 NotebookApp] Restoring connection for 3468804b-6411-42d0-a7d3-b6d01bbc04df:c210ba860f4c48978cea615219099280
[I 12:01:36.889 NotebookApp] Saving file at /Untitled1.ipynb
[I 12:06:56.793 NotebookApp] Starting buffering for 3468804b-6411-42d0-a7d3-b6d01bbc04df:c210ba860f4c48978cea615219099280
[I 12:07:02.969 NotebookApp] Starting buffering for ef698a57-c62c-4b73-a216-1d7c75c6b620:c1729202f5f648c7b8305c316a3253da
[I 12:07:09.441 NotebookApp] Starting buffering for 1e2892c2-9c1a-431d-95bd-5eb7f64a8133:9eac807a1d794d0d8d4607f9886a35f8
[W 12:07:09.811 NotebookApp] Notebook 5-pytorch-fmnist (+LR scheduler).py is not trusted
[W 12:07:09.835 NotebookApp] 404 GET /nbextensions/neptune-notebooks/neptune-notebook.js?v=20190713105709 (127.0.0.1) 1.35ms referer=http://localhost:8989/notebooks/5-pytorch-fmnist%20(%2BLR%20scheduler).py
[W 12:07:09.837 NotebookApp] 404 GET /nbextensions/egal/main.js?v=20190713105709 (127.0.0.1) 1.27ms referer=http://localhost:8989/notebooks/5-pytorch-fmnist%20(%2BLR%20scheduler).py
[I 12:07:10.324 NotebookApp] Adapting to protocol v5.1 for kernel 1e2892c2-9c1a-431d-95bd-5eb7f64a8133
[W 12:07:10.449 NotebookApp] 404 GET /nbextensions/widgets/notebook/js/extension.js?v=20190713105709 (127.0.0.1) 2.72ms referer=http://localhost:8989/notebooks/5-pytorch-fmnist%20(%2BLR%20scheduler).py
[C 12:07:20.378 NotebookApp] received signal 15, stopping
[I 12:07:20.379 NotebookApp] Shutting down 4 kernels
[I 12:07:21.191 NotebookApp] Kernel shutdown: 1e2892c2-9c1a-431d-95bd-5eb7f64a8133
[I 12:07:21.192 NotebookApp] Kernel shutdown: 0a5d308c-0852-41f8-8b4c-d986c19a1452
[I 12:07:21.192 NotebookApp] Kernel shutdown: 37d6eb43-2305-4354-9c5d-8d68aa1b57be
[I 12:07:21.192 NotebookApp] Kernel shutdown: ef698a57-c62c-4b73-a216-1d7c75c6b620
[C 12:07:25.128 NotebookApp] received signal 15, stopping
[I 12:07:25.129 NotebookApp] Shutting down 1 kernel
[I 12:07:25.632 NotebookApp] Kernel shutdown: 3468804b-6411-42d0-a7d3-b6d01bbc04df
